mode: atomic
github.com/aQuaYi/Blockchain-in-Go/myBlockchain/block.go:20.33,27.2 6 1
github.com/aQuaYi/Blockchain-in-Go/myBlockchain/block.go:30.36,35.16 4 0
github.com/aQuaYi/Blockchain-in-Go/myBlockchain/block.go:39.2,39.23 1 0
github.com/aQuaYi/Blockchain-in-Go/myBlockchain/block.go:35.16,37.3 1 0
github.com/aQuaYi/Blockchain-in-Go/myBlockchain/block.go:43.57,52.2 6 0
github.com/aQuaYi/Blockchain-in-Go/myBlockchain/block.go:55.31,57.2 1 0
github.com/aQuaYi/Blockchain-in-Go/myBlockchain/block.go:60.40,65.16 4 0
github.com/aQuaYi/Blockchain-in-Go/myBlockchain/block.go:69.2,69.15 1 0
github.com/aQuaYi/Blockchain-in-Go/myBlockchain/block.go:65.16,67.3 1 0
github.com/aQuaYi/Blockchain-in-Go/myBlockchain/blockchain.go:26.45,29.44 2 0
github.com/aQuaYi/Blockchain-in-Go/myBlockchain/blockchain.go:36.2,36.16 1 0
github.com/aQuaYi/Blockchain-in-Go/myBlockchain/blockchain.go:40.2,42.45 2 0
github.com/aQuaYi/Blockchain-in-Go/myBlockchain/blockchain.go:29.44,34.3 3 0
github.com/aQuaYi/Blockchain-in-Go/myBlockchain/blockchain.go:36.16,38.3 1 0
github.com/aQuaYi/Blockchain-in-Go/myBlockchain/blockchain.go:42.45,45.17 3 0
github.com/aQuaYi/Blockchain-in-Go/myBlockchain/blockchain.go:49.3,50.17 2 0
github.com/aQuaYi/Blockchain-in-Go/myBlockchain/blockchain.go:54.3,56.13 2 0
github.com/aQuaYi/Blockchain-in-Go/myBlockchain/blockchain.go:45.17,47.4 1 0
github.com/aQuaYi/Blockchain-in-Go/myBlockchain/blockchain.go:50.17,52.4 1 0
github.com/aQuaYi/Blockchain-in-Go/myBlockchain/blockchain.go:61.54,65.2 2 0
github.com/aQuaYi/Blockchain-in-Go/myBlockchain/blockchain.go:68.44,71.43 2 0
github.com/aQuaYi/Blockchain-in-Go/myBlockchain/blockchain.go:79.2,79.16 1 0
github.com/aQuaYi/Blockchain-in-Go/myBlockchain/blockchain.go:83.2,85.14 2 0
github.com/aQuaYi/Blockchain-in-Go/myBlockchain/blockchain.go:71.43,77.3 4 0
github.com/aQuaYi/Blockchain-in-Go/myBlockchain/blockchain.go:79.16,81.3 1 0
github.com/aQuaYi/Blockchain-in-Go/myBlockchain/blockchain.go:89.34,92.16 3 0
github.com/aQuaYi/Blockchain-in-Go/myBlockchain/blockchain.go:96.2,96.42 1 0
github.com/aQuaYi/Blockchain-in-Go/myBlockchain/blockchain.go:125.2,125.16 1 0
github.com/aQuaYi/Blockchain-in-Go/myBlockchain/blockchain.go:129.2,131.12 2 0
github.com/aQuaYi/Blockchain-in-Go/myBlockchain/blockchain.go:92.16,94.3 1 0
github.com/aQuaYi/Blockchain-in-Go/myBlockchain/blockchain.go:96.42,99.15 2 0
github.com/aQuaYi/Blockchain-in-Go/myBlockchain/blockchain.go:122.3,122.13 1 0
github.com/aQuaYi/Blockchain-in-Go/myBlockchain/blockchain.go:99.15,104.18 4 0
github.com/aQuaYi/Blockchain-in-Go/myBlockchain/blockchain.go:108.4,109.18 2 0
github.com/aQuaYi/Blockchain-in-Go/myBlockchain/blockchain.go:113.4,114.18 2 0
github.com/aQuaYi/Blockchain-in-Go/myBlockchain/blockchain.go:117.4,117.22 1 0
github.com/aQuaYi/Blockchain-in-Go/myBlockchain/blockchain.go:104.18,106.5 1 0
github.com/aQuaYi/Blockchain-in-Go/myBlockchain/blockchain.go:109.18,111.5 1 0
github.com/aQuaYi/Blockchain-in-Go/myBlockchain/blockchain.go:114.18,116.5 1 0
github.com/aQuaYi/Blockchain-in-Go/myBlockchain/blockchain.go:118.4,120.4 1 0
github.com/aQuaYi/Blockchain-in-Go/myBlockchain/blockchain.go:125.16,127.3 1 0
github.com/aQuaYi/Blockchain-in-Go/myBlockchain/cli.go:16.30,20.2 3 0
github.com/aQuaYi/Blockchain-in-Go/myBlockchain/cli.go:22.32,23.22 1 0
github.com/aQuaYi/Blockchain-in-Go/myBlockchain/cli.go:23.22,26.3 2 0
github.com/aQuaYi/Blockchain-in-Go/myBlockchain/cli.go:29.39,32.2 2 0
github.com/aQuaYi/Blockchain-in-Go/myBlockchain/cli.go:34.30,37.6 2 0
github.com/aQuaYi/Blockchain-in-Go/myBlockchain/cli.go:37.6,47.36 8 0
github.com/aQuaYi/Blockchain-in-Go/myBlockchain/cli.go:47.36,48.9 1 0
github.com/aQuaYi/Blockchain-in-Go/myBlockchain/cli.go:54.23,62.20 5 0
github.com/aQuaYi/Blockchain-in-Go/myBlockchain/cli.go:78.2,78.26 1 0
github.com/aQuaYi/Blockchain-in-Go/myBlockchain/cli.go:86.2,86.28 1 0
github.com/aQuaYi/Blockchain-in-Go/myBlockchain/cli.go:63.18,65.17 2 0
github.com/aQuaYi/Blockchain-in-Go/myBlockchain/cli.go:68.20,70.17 2 0
github.com/aQuaYi/Blockchain-in-Go/myBlockchain/cli.go:73.10,75.13 2 0
github.com/aQuaYi/Blockchain-in-Go/myBlockchain/cli.go:65.17,67.4 1 0
github.com/aQuaYi/Blockchain-in-Go/myBlockchain/cli.go:70.17,72.4 1 0
github.com/aQuaYi/Blockchain-in-Go/myBlockchain/cli.go:78.26,79.26 1 0
github.com/aQuaYi/Blockchain-in-Go/myBlockchain/cli.go:83.3,83.30 1 0
github.com/aQuaYi/Blockchain-in-Go/myBlockchain/cli.go:79.26,82.4 2 0
github.com/aQuaYi/Blockchain-in-Go/myBlockchain/cli.go:86.28,88.3 1 0
github.com/aQuaYi/Blockchain-in-Go/myBlockchain/main.go:3.13,9.2 4 0
github.com/aQuaYi/Blockchain-in-Go/myBlockchain/proofofwork.go:24.44,31.2 4 2
github.com/aQuaYi/Blockchain-in-Go/myBlockchain/proofofwork.go:33.55,46.2 2 215
github.com/aQuaYi/Blockchain-in-Go/myBlockchain/proofofwork.go:49.45,55.23 5 1
github.com/aQuaYi/Blockchain-in-Go/myBlockchain/proofofwork.go:68.2,70.23 2 1
github.com/aQuaYi/Blockchain-in-Go/myBlockchain/proofofwork.go:55.23,62.36 5 214
github.com/aQuaYi/Blockchain-in-Go/myBlockchain/proofofwork.go:62.36,63.9 1 1
github.com/aQuaYi/Blockchain-in-Go/myBlockchain/proofofwork.go:64.4,66.4 1 213
github.com/aQuaYi/Blockchain-in-Go/myBlockchain/proofofwork.go:74.41,84.2 6 1
github.com/aQuaYi/Blockchain-in-Go/myBlockchain/utils.go:10.33,13.16 3 645
github.com/aQuaYi/Blockchain-in-Go/myBlockchain/utils.go:17.2,17.21 1 645
github.com/aQuaYi/Blockchain-in-Go/myBlockchain/utils.go:13.16,15.3 1 0
